h:\my documents\programming4\in628kellybs1\assignment 1\terraincollision\debug\terraincollision.rogueform.resources
e:\bit\y2 h drive\programming4\in628kellybs1\assignment 1\terraincollision\debug\terraincollision.rogueform.resources
h:\my documents\programming4\in628kellybs1\assignment 1\terraincollision\debug\rogueform.obj
h:\my documents\programming4\in628kellybs1\assignment 1\terraincollision\debug\viewport.obj
h:\my documents\programming4\in628kellybs1\assignment 1\terraincollision\debug\tilemap.obj
h:\my documents\programming4\in628kellybs1\assignment 1\terraincollision\debug\tilelist.obj
h:\my documents\programming4\in628kellybs1\assignment 1\terraincollision\debug\tile.obj
h:\my documents\programming4\in628kellybs1\assignment 1\terraincollision\debug\spritelist.obj
h:\my documents\programming4\in628kellybs1\assignment 1\terraincollision\debug\sprite.obj
h:\my documents\programming4\in628kellybs1\assignment 1\terraincollision\debug\room.obj
h:\my documents\programming4\in628kellybs1\assignment 1\terraincollision\debug\itemsprite.obj
h:\my documents\programming4\in628kellybs1\assignment 1\terraincollision\debug\gamemanager.obj
h:\my documents\programming4\in628kellybs1\assignment 1\terraincollision\debug\dungeon.obj
h:\my documents\programming4\in628kellybs1\assignment 1\terraincollision\debug\enemysprite.obj
h:\my documents\programming4\in628kellybs1\assignment 1\terraincollision\debug\cell.obj
h:\my documents\programming4\in628kellybs1\assignment 1\terraincollision\debug\vc120.pdb
h:\my documents\programming4\in628kellybs1\assignment 1\terraincollision\debug\.netframework,version=v4.5.assemblyattributes.obj
e:\bit\y2 h drive\programming4\in628kellybs1\assignment 1\terraincollision\debug\vc140.pdb
e:\bit\y2 h drive\programming4\in628kellybs1\assignment 1\terraincollision\debug\rogueform.obj
e:\bit\y2 h drive\programming4\in628kellybs1\assignment 1\terraincollision\debug\viewport.obj
e:\bit\y2 h drive\programming4\in628kellybs1\assignment 1\terraincollision\debug\tilemap.obj
e:\bit\y2 h drive\programming4\in628kellybs1\assignment 1\terraincollision\debug\tilelist.obj
e:\bit\y2 h drive\programming4\in628kellybs1\assignment 1\terraincollision\debug\tile.obj
e:\bit\y2 h drive\programming4\in628kellybs1\assignment 1\terraincollision\debug\spritelist.obj
e:\bit\y2 h drive\programming4\in628kellybs1\assignment 1\terraincollision\debug\sprite.obj
e:\bit\y2 h drive\programming4\in628kellybs1\assignment 1\terraincollision\debug\room.obj
e:\bit\y2 h drive\programming4\in628kellybs1\assignment 1\terraincollision\debug\itemsprite.obj
e:\bit\y2 h drive\programming4\in628kellybs1\assignment 1\terraincollision\debug\gamemanager.obj
e:\bit\y2 h drive\programming4\in628kellybs1\assignment 1\terraincollision\debug\dungeon.obj
e:\bit\y2 h drive\programming4\in628kellybs1\assignment 1\terraincollision\debug\enemysprite.obj
e:\bit\y2 h drive\programming4\in628kellybs1\assignment 1\terraincollision\debug\cell.obj
e:\bit\y2 h drive\programming4\in628kellybs1\assignment 1\terraincollision\debug\.netframework,version=v4.5.2.assemblyattributes.obj
e:\bit\y2 h drive\programming4\in628kellybs1\assignment 1\terraincollision\debug\.netframework,version=v4.5.2.assemblyattributes.asm
h:\my documents\programming4\in628kellybs1\assignment 1\debug\aroguelike.exe
h:\my documents\programming4\in628kellybs1\assignment 1\debug\aroguelike.pdb
e:\bit\y2 h drive\programming4\in628kellybs1\assignment 1\debug\aroguelike.exe
e:\bit\y2 h drive\programming4\in628kellybs1\assignment 1\debug\aroguelike.pdb
e:\bit\y2 h drive\programming4\in628kellybs1\assignment 1\terraincollision\debug\aroguelike.tlog\metagen.write.1.tlog
e:\bit\y3\projectme\abstractroguelike\terraincollision\debug\terraincollision.vcxproj.generateresource.cache
e:\bit\y3\projectme\abstractroguelike\terraincollision\debug\terraincollision.vcxprojresolveassemblyreference.cache
e:\bit\y3\projectme\abstractroguelike\terraincollision\debug\.netframework,version=v4.5.2.assemblyattributes.obj
e:\bit\y3\projectme\abstractroguelike\terraincollision\debug\.netframework,version=v4.5.assemblyattributes.obj
e:\bit\y3\projectme\abstractroguelike\terraincollision\debug\cell.obj
e:\bit\y3\projectme\abstractroguelike\terraincollision\debug\dungeon.obj
e:\bit\y3\projectme\abstractroguelike\terraincollision\debug\enemysprite.obj
e:\bit\y3\projectme\abstractroguelike\terraincollision\debug\gamemanager.obj
e:\bit\y3\projectme\abstractroguelike\terraincollision\debug\itemsprite.obj
e:\bit\y3\projectme\abstractroguelike\terraincollision\debug\rogueform.obj
e:\bit\y3\projectme\abstractroguelike\terraincollision\debug\room.obj
e:\bit\y3\projectme\abstractroguelike\terraincollision\debug\sprite.obj
e:\bit\y3\projectme\abstractroguelike\terraincollision\debug\spritelist.obj
e:\bit\y3\projectme\abstractroguelike\terraincollision\debug\tile.obj
e:\bit\y3\projectme\abstractroguelike\terraincollision\debug\tilelist.obj
e:\bit\y3\projectme\abstractroguelike\terraincollision\debug\tilemap.obj
e:\bit\y3\projectme\abstractroguelike\terraincollision\debug\viewport.obj
e:\bit\y3\projectme\abstractroguelike\terraincollision\debug\terraincollision.rogueform.resources
e:\bit\y3\projectme\abstractroguelike\terraincollision\debug\vc120.pdb
e:\bit\y3\projectme\abstractroguelike\terraincollision\debug\vc140.pdb
e:\bit\y3\projectme\abstractroguelike\debug\aroguelike.pdb
e:\bit\y3\projectme\abstractroguelike\debug\aroguelike.exe
e:\bit\y3\projectme\abstractroguelike\terraincollision\debug\aroguelike.tlog\aroguelike.write.1u.tlog
e:\bit\y3\projectme\abstractroguelike\terraincollision\debug\aroguelike.tlog\cl.command.1.tlog
e:\bit\y3\projectme\abstractroguelike\terraincollision\debug\aroguelike.tlog\cl.read.1.tlog
e:\bit\y3\projectme\abstractroguelike\terraincollision\debug\aroguelike.tlog\cl.write.1.tlog
e:\bit\y3\projectme\abstractroguelike\terraincollision\debug\aroguelike.tlog\link.command.1.tlog
e:\bit\y3\projectme\abstractroguelike\terraincollision\debug\aroguelike.tlog\link.read.1.tlog
e:\bit\y3\projectme\abstractroguelike\terraincollision\debug\aroguelike.tlog\link.write.1.tlog
e:\bit\y3\projectme\abstractroguelike\terraincollision\debug\aroguelike.tlog\metagen.read.1.tlog
e:\bit\y3\projectme\abstractroguelike\terraincollision\debug\aroguelike.tlog\metagen.write.1.tlog
e:\bit\y3\projectme\abstractroguelike\terraincollision\debug\aroguelike.tlog\system.data.dll.metagen
e:\bit\y3\projectme\abstractroguelike\terraincollision\debug\aroguelike.tlog\system.dll.metagen
e:\bit\y3\projectme\abstractroguelike\terraincollision\debug\aroguelike.tlog\system.drawing.dll.metagen
e:\bit\y3\projectme\abstractroguelike\terraincollision\debug\aroguelike.tlog\system.windows.forms.dll.metagen
e:\bit\y3\projectme\abstractroguelike\terraincollision\debug\aroguelike.tlog\system.xml.dll.metagen
e:\bit\y3\projectme\abstractroguelike\terraincollision\debug\aroguelike.tlog\rsaenh.dll.bi
e:\bit\y3\projectme\abstractroguelike\terraincollision\debug\aroguelike.tlog\tzres.dll.bi
